<?xml version="1.0" encoding="UTF-8"?>
<!-- Generated by org.testng.reporters.JUnitReportReporter -->
<testsuite hostname="101635-LT" failures="0" tests="1" name="org.sample.TestNG_01.Login" time="13.230" errors="0" timestamp="2024-07-13T00:25:28 IST" skipped="0">
  <testcase classname="org.sample.TestNG_01.Login" name="veryfyLoginWithInValidEmailAndValidPossword" time="13.230"/>
</testsuite> <!-- org.sample.TestNG_01.Login -->
