<?xml version="1.0" encoding="UTF-8"?>
<!-- Generated by org.testng.reporters.JUnitReportReporter -->
<testsuite hostname="101635-LT" failures="0" tests="5" name="org.sample.TestNG_01.Login" time="76.166" errors="0" timestamp="2024-07-05T20:16:58 IST" skipped="0">
  <testcase classname="org.sample.TestNG_01.Login" name="veryfyLoginWithValidCredentials" time="13.352"/>
  <testcase classname="org.sample.TestNG_01.Login" name="veryfyLoginWithCredentials" time="14.234"/>
  <testcase classname="org.sample.TestNG_01.Login" name="veryfyLoginWithInValidEmailAndValidPossword" time="15.881"/>
  <testcase classname="org.sample.TestNG_01.Login" name="veryfyLoginWithValidEmailAndInValidPossword" time="11.053"/>
  <testcase classname="org.sample.TestNG_01.Login" name="veryfyLoginWithOutCredentials" time="21.646"/>
</testsuite> <!-- org.sample.TestNG_01.Login -->
