<?xml version="1.0" encoding="UTF-8"?>
<!-- Generated by org.testng.reporters.JUnitReportReporter -->
<testsuite hostname="101635-LT" failures="0" tests="1" name="org.sample.TestNG_01.Login" time="45.629" errors="0" timestamp="2024-07-06T22:00:17 IST" skipped="0">
  <testcase classname="org.sample.TestNG_01.Login" name="veryfyLoginWithInValidEmailAndValidPossword" time="45.629"/>
</testsuite> <!-- org.sample.TestNG_01.Login -->
